<?xml version="1.0" encoding="UTF-8"?>
<!-- Generated by org.testng.reporters.JUnitReportReporter -->
<testsuite hostname="PF0XK8MA" failures="0" tests="1" name="pack1.Jenkins_demo" time="10.447" errors="0" timestamp="2019-12-12T14:11:17 EST" skipped="0">
  <testcase classname="pack1.Jenkins_demo" name="testgooglrsearch" time="10.447"/>
</testsuite> <!-- pack1.Jenkins_demo -->
