<?xml version="1.0" encoding="UTF-8"?>
<!-- Generated by org.testng.reporters.JUnitReportReporter -->
<testsuite hostname="PF0XK8MA" failures="0" tests="1" name="pack2.Jenkins_demo" time="9.644" errors="0" timestamp="2019-12-12T14:35:33 EST" skipped="0">
  <testcase classname="pack2.Jenkins_demo" name="testgooglrsearch" time="9.644"/>
</testsuite> <!-- pack2.Jenkins_demo -->
